<?xml version="1.0" encoding="UTF-8"?>
<!-- Generated by org.testng.reporters.JUnitReportReporter -->
<testsuite hostname="Rabias-MacBook-Pro.local" name="com.practo.testcases.Test1" tests="1" failures="0" timestamp="1 Mar 2017 15:25:42 GMT" time="0.013" errors="0">
  <testcase name="function1" time="0.013" classname="com.practo.testcases.Test1"/>
</testsuite> <!-- com.practo.testcases.Test1 -->
